Arguments: 
  /home/wase/.nvm/versions/node/v16.14.2/bin/node /mnt/c/Users/Lenovo/AppData/Roaming/npm/node_modules/yarn/bin/yarn.js

PATH: 
  /home/wase/.nvm/versions/node/v16.14.2/bin:/usr/local/sbin:/usr/local/bin:/usr/sbin:/usr/bin:/sbin:/bin:/usr/games:/usr/local/games:/usr/lib/wsl/lib:/mnt/c/Program Files (x86)/VMware/VMware Player/bin/:/mnt/c/WINDOWS/system32:/mnt/c/WINDOWS:/mnt/c/WINDOWS/System32/Wbem:/mnt/c/WINDOWS/System32/WindowsPowerShell/v1.0/:/mnt/c/WINDOWS/System32/OpenSSH/:/mnt/c/xampp/php:/mnt/c/ProgramData/ComposerSetup/bin:/mnt/c/Program Files/Git/cmd:/mnt/c/Program Files (x86)/dotnet/:/mnt/c/Users/Lenovo/AppData/Local/Microsoft/WindowsApps:/mnt/c/Users/Lenovo/AppData/Local/Programs/Microsoft VS Code/bin:/mnt/c/Users/Lenovo/AppData/Roaming/npm:/mnt/c/Users/Lenovo/AppData/Roaming/Composer/vendor/bin:/mnt/c/flutter/bin:/snap/bin

Yarn version: 
  1.22.17

Node version: 
  16.14.2

Platform: 
  linux x64

Trace: 
  Error: https://registry.yarnpkg.com/@appliedblockchain%2fchainlink-contracts: ETIMEDOUT
      at Timeout._onTimeout (/mnt/c/Users/Lenovo/AppData/Roaming/npm/node_modules/yarn/lib/cli.js:141543:19)
      at listOnTimeout (node:internal/timers:559:17)
      at processTimers (node:internal/timers:502:7)

npm manifest: 
  {
    "name": "chainlink-hardhat-box",
    "version": "1.0.0",
    "description": "",
    "scripts": {
      "test": "hardhat test test/unit/PriceConsumerV3_unit_test.js --network hardhat && hardhat test test/unit/APIConsumer_unit_test.js --network hardhat && hardhat test test/unit/RandomNumberConsumer_unit_test.js --network hardhat && hardhat test test/unit/KeepersCounter_unit_test.js --network hardhat",
      "test-integration": "hardhat test test/integration/APIConsumer_int_test.js --network kovan && hardhat test test/integration/RandomNumberConsumer_int_test.js --network kovan",
      "lint": "eslint .",
      "lint:fix": "eslint . --fix"
    },
    "license": "MIT",
    "devDependencies": {
      "@nomiclabs/hardhat-ethers": "^2.0.2",
      "@nomiclabs/hardhat-etherscan": "^2.1.1",
      "@nomiclabs/hardhat-waffle": "^2.0.1",
      "@nomiclabs/hardhat-web3": "^2.0.0",
      "chai": "^4.2.0",
      "chai-bignumber": "^3.0.0",
      "chai-bn": "^0.2.1",
      "ethereum-waffle": "^3.2.1",
      "ethers": "^5.0.24",
      "hardhat": "^2.6.4",
      "hardhat-deploy": "^0.7.0-beta.39"
    },
    "dependencies": {
      "@appliedblockchain/chainlink-contracts": "0.0.4",
      "@appliedblockchain/chainlink-plugins-fund-link": "0.0.1",
      "@chainlink/contracts": "^0.2.2",
      "@chainlink/test-helpers": "0.0.5",
      "@chainlink/token": "^1.1.0",
      "@nomiclabs/hardhat-truffle5": "^2.0.0",
      "@openzeppelin/contracts": "^4.5.0",
      "babel-eslint": "^10.1.0",
      "base64-sol": "^1.1.0",
      "dotenv": "^8.2.0",
      "eslint": "^7.22.0",
      "hardhat-gas-reporter": "^1.0.4",
      "mocha-skip-if": "^0.0.3",
      "transform": "^1.1.2"
    },
    "mocha": {
      "timeout": 10000000
    }
  }

yarn manifest: 
  No manifest

Lockfile: 
  No lockfile
